<?xml version="1.0" encoding="UTF-8"?>
<testng-results ignored="0" total="1" passed="1" failed="0" skipped="0">
  <reporter-output>
  </reporter-output>
  <suite started-at="2024-10-05T17:11:53 IST" name="Default suite" finished-at="2024-10-05T17:11:57 IST" duration-ms="3775">
    <groups>
    </groups>
    <test started-at="2024-10-05T17:11:53 IST" name="Default test" finished-at="2024-10-05T17:11:57 IST" duration-ms="3775">
      <class name="Sample.Redbus">
        <test-method is-config="true" signature="BrowserLaunch()[pri:0, instance:Sample.Redbus@8458f04]" started-at="2024-10-05T17:11:53 IST" name="BrowserLaunch" finished-at="2024-10-05T17:11:57 IST" duration-ms="3370" status="PASS">
          <reporter-output>
          </reporter-output>
        </test-method> <!-- BrowserLaunch -->
        <test-method signature="departureField()[pri:0, instance:Sample.Redbus@8458f04]" started-at="2024-10-05T17:11:57 IST" name="departureField" finished-at="2024-10-05T17:11:57 IST" duration-ms="345" status="PASS">
          <reporter-output>
          </reporter-output>
        </test-method> <!-- departureField -->
      </class> <!-- Sample.Redbus -->
    </test> <!-- Default test -->
  </suite> <!-- Default suite -->
</testng-results>
